<?xml version="1.0" encoding="UTF-8"?>
<!-- Generated by org.testng.reporters.JUnitReportReporter -->
<testsuite skipped="0" hostname="CSLH1613" name="testCase.Common" tests="1" failures="0" timestamp="2020-10-27T17:27:28 IST" time="17.905" errors="0">
  <testcase name="allCases" time="17.905" classname="testCase.Common"/>
  <system-out/>
</testsuite> <!-- testCase.Common -->
